[2026-03-26 08:48:29] 检查并提交代码...
To github.com:drax-ola/ai-snap.git
 * [new branch]      master -> master
[2026-03-26 08:48:33] ✅ 推送成功
[2026-03-26 08:50:25] 检查并提交代码...
To github.com:drax-ola/ai-snap.git
   0bda1fd..bc64a70  master -> master
[2026-03-26 08:50:58] ✅ 推送成功
[2026-03-26 09:00:58] 检查并提交代码...
To github.com:drax-ola/ai-snap.git
   2756bb7..bf57f0a  master -> master
[2026-03-26 09:01:02] ✅ 推送成功
[2026-03-26 09:27:28] 检查并提交代码...
To github.com:drax-ola/ai-snap.git
   bf57f0a..fe61bd2  master -> master
[2026-03-26 09:27:32] ✅ 推送成功
[2026-03-26 10:40:33] 检查并提交代码...
To github.com:drax-ola/ai-snap.git
   fe61bd2..7a78637  master -> master
[2026-03-26 10:40:37] ✅ 推送成功
[2026-03-26 12:39:55] 检查并提交代码...
To github.com:drax-ola/ai-snap.git
   7a78637..73fa77d  master -> master
[2026-03-26 12:39:59] ✅ 推送成功
[2026-03-26 15:02:30] 检查并提交代码...
To github.com:drax-ola/ai-snap.git
   73fa77d..a94dd34  master -> master
[2026-03-26 15:02:34] ✅ 推送成功
[2026-03-26 17:10:00] 检查并提交代码...
To github.com:drax-ola/ai-snap.git
   a94dd34..40395f5  master -> master
[2026-03-26 17:10:04] ✅ 推送成功
[2026-03-26 19:03:46] 检查并提交代码...
To github.com:drax-ola/ai-snap.git
   40395f5..aef1b8a  master -> master
[2026-03-26 19:03:50] ✅ 推送成功
[2026-03-26 21:13:38] 检查并提交代码...
To github.com:drax-ola/ai-snap.git
   aef1b8a..7597508  master -> master
[2026-03-26 21:13:42] ✅ 推送成功
[2026-03-26 22:32:11] 检查并提交代码...
To github.com:drax-ola/ai-snap.git
   7597508..cc9c808  master -> master
[2026-03-26 22:32:16] ✅ 推送成功
[2026-03-27 00:51:26] 检查并提交代码...
To github.com:drax-ola/ai-snap.git
   cc9c808..bc35a76  master -> master
[2026-03-27 00:51:31] ✅ 推送成功
[2026-03-27 03:10:19] 检查并提交代码...
To github.com:drax-ola/ai-snap.git
   bc35a76..4575c67  master -> master
[2026-03-27 03:10:23] ✅ 推送成功
[2026-03-27 05:54:18] 检查并提交代码...
